<?xml version="1.0" encoding="UTF-8"?>
<!-- Generated by org.testng.reporters.JUnitXMLReporter -->
<testsuite hostname="Fadwas-MBP.fios-router.home" ignored="0" name="Test" tests="4" failures="0" timestamp="2020-05-30T11:35:57 EDT" time="4.549" errors="0">
  <testcase name="@BeforeMethod setUp" time="2.789" classname="com.utils.BaseClass">
    <failure type="org.openqa.selenium.SessionNotCreatedException" message="session not created: This version of ChromeDriver only supports Chrome version 81
Build info: version: &amp;apos;3.141.59&amp;apos;, revision: &amp;apos;e82be7d358&amp;apos;, time: &amp;apos;2018-11-14T08:25:48&amp;apos;
System info: host: &amp;apos;Fadwas-MBP.fios-router.home&amp;apos;, ip: &amp;apos;fe80:0:0:0:49:77b8:ac5b:871a%en0&amp;apos;, os.name: &amp;apos;Mac OS X&amp;apos;, os.arch: &amp;apos;x86_64&amp;apos;, os.version: &amp;apos;10.13.6&amp;apos;, java.version: &amp;apos;1.8.0_241&amp;apos;
Driver info: driver.version: ChromeDriver
remote stacktrace: 0   chromedriver                        0x000000010e3aa789 chromedriver + 4671369
1   chromedriver                        0x000000010e3455d3 chromedriver + 4257235
2   chromedriver                        0x000000010dfef00f chromedriver + 757775
3   chromedriver                        0x000000010df4efc9 chromedriver + 102345
4   chromedriver                        0x000000010df4b1fc chromedriver + 86524
5   chromedriver                        0x000000010df7a403 chromedriver + 279555
6   chromedriver                        0x000000010df77213 chromedriver + 266771
7   chromedriver                        0x000000010df5121d chromedriver + 111133
8   chromedriver                        0x000000010df521c5 chromedriver + 115141
9   chromedriver                        0x000000010e36d03f chromedriver + 4419647
10  chromedriver                        0x000000010e379cda chromedriver + 4472026
11  chromedriver                        0x000000010e379a77 chromedriver + 4471415
12  chromedriver                        0x000000010e351189 chromedriver + 4305289
13  chromedriver                        0x000000010e37a587 chromedriver + 4474247
14  chromedriver                        0x000000010e362dc7 chromedriver + 4378055
15  chromedriver                        0x000000010e3907f4 chromedriver + 4564980
16  chromedriver                        0x000000010e3b0717 chromedriver + 4695831
17  libsystem_pthread.dylib             0x00007fff6891e661 _pthread_body + 340
18  libsystem_pthread.dylib             0x00007fff6891e50d _pthread_body + 0
19  libsystem_pthread.dylib             0x00007fff6891dbf9 thread_start + 13
">
      <![CDATA[org.openqa.selenium.SessionNotCreatedException: session not created: This version of ChromeDriver only supports Chrome version 81
Build info: version: '3.141.59', revision: 'e82be7d358', time: '2018-11-14T08:25:48'
System info: host: 'Fadwas-MBP.fios-router.home', ip: 'fe80:0:0:0:49:77b8:ac5b:871a%en0', os.name: 'Mac OS X', os.arch: 'x86_64', os.version: '10.13.6', java.version: '1.8.0_241'
Driver info: driver.version: ChromeDriver
remote stacktrace: 0   chromedriver                        0x000000010e3aa789 chromedriver + 4671369
1   chromedriver                        0x000000010e3455d3 chromedriver + 4257235
2   chromedriver                        0x000000010dfef00f chromedriver + 757775
3   chromedriver                        0x000000010df4efc9 chromedriver + 102345
4   chromedriver                        0x000000010df4b1fc chromedriver + 86524
5   chromedriver                        0x000000010df7a403 chromedriver + 279555
6   chromedriver                        0x000000010df77213 chromedriver + 266771
7   chromedriver                        0x000000010df5121d chromedriver + 111133
8   chromedriver                        0x000000010df521c5 chromedriver + 115141
9   chromedriver                        0x000000010e36d03f chromedriver + 4419647
10  chromedriver                        0x000000010e379cda chromedriver + 4472026
11  chromedriver                        0x000000010e379a77 chromedriver + 4471415
12  chromedriver                        0x000000010e351189 chromedriver + 4305289
13  chromedriver                        0x000000010e37a587 chromedriver + 4474247
14  chromedriver                        0x000000010e362dc7 chromedriver + 4378055
15  chromedriver                        0x000000010e3907f4 chromedriver + 4564980
16  chromedriver                        0x000000010e3b0717 chromedriver + 4695831
17  libsystem_pthread.dylib             0x00007fff6891e661 _pthread_body + 340
18  libsystem_pthread.dylib             0x00007fff6891e50d _pthread_body + 0
19  libsystem_pthread.dylib             0x00007fff6891dbf9 thread_start + 13

at org.openqa.selenium.remote.W3CHandshakeResponse.lambda$errorHandler$0(W3CHandshakeResponse.java:62)
at org.openqa.selenium.remote.HandshakeResponse.lambda$getResponseFunction$0(HandshakeResponse.java:30)
at org.openqa.selenium.remote.ProtocolHandshake.lambda$createSession$0(ProtocolHandshake.java:126)
at java.util.stream.ReferencePipeline$3$1.accept(ReferencePipeline.java:193)
at java.util.Spliterators$ArraySpliterator.tryAdvance(Spliterators.java:958)
at java.util.stream.ReferencePipeline.forEachWithCancel(ReferencePipeline.java:126)
at java.util.stream.AbstractPipeline.copyIntoWithCancel(AbstractPipeline.java:499)
at java.util.stream.AbstractPipeline.copyInto(AbstractPipeline.java:486)
at java.util.stream.AbstractPipeline.wrapAndCopyInto(AbstractPipeline.java:472)
at java.util.stream.FindOps$FindOp.evaluateSequential(FindOps.java:152)
at java.util.stream.AbstractPipeline.evaluate(AbstractPipeline.java:234)
at java.util.stream.ReferencePipeline.findFirst(ReferencePipeline.java:464)
at org.openqa.selenium.remote.ProtocolHandshake.createSession(ProtocolHandshake.java:128)
at org.openqa.selenium.remote.ProtocolHandshake.createSession(ProtocolHandshake.java:74)
at org.openqa.selenium.remote.HttpCommandExecutor.execute(HttpCommandExecutor.java:136)
at org.openqa.selenium.remote.service.DriverCommandExecutor.execute(DriverCommandExecutor.java:83)
at org.openqa.selenium.remote.RemoteWebDriver.execute(RemoteWebDriver.java:552)
at org.openqa.selenium.remote.RemoteWebDriver.startSession(RemoteWebDriver.java:213)
at org.openqa.selenium.remote.RemoteWebDriver.<init>(RemoteWebDriver.java:131)
at org.openqa.selenium.chrome.ChromeDriver.<init>(ChromeDriver.java:181)
at org.openqa.selenium.chrome.ChromeDriver.<init>(ChromeDriver.java:168)
at org.openqa.selenium.chrome.ChromeDriver.<init>(ChromeDriver.java:123)
at com.utils.BaseClass.setUp(BaseClass.java:25)
at java.util.ArrayList.forEach(ArrayList.java:1257)
... Removed 35 stack frames]]>
    </failure>
  </testcase> <!-- @BeforeMethod setUp -->
  <testcase name="@AfterMethod tearDown" time="-1.590852955744E9" classname="com.utils.BaseClass">
    <skipped/>
  </testcase> <!-- @AfterMethod tearDown -->
  <testcase name="@BeforeMethod setUp" time="-1.590852955751E9" classname="com.utils.BaseClass">
    <skipped/>
  </testcase> <!-- @BeforeMethod setUp -->
  <testcase name="@AfterMethod tearDown" time="-1.590852955772E9" classname="com.utils.BaseClass">
    <skipped/>
  </testcase> <!-- @AfterMethod tearDown -->
  <testcase name="@BeforeMethod setUp" time="-1.590852955777E9" classname="com.utils.BaseClass">
    <skipped/>
  </testcase> <!-- @BeforeMethod setUp -->
  <testcase name="@AfterMethod tearDown" time="-1.590852955785E9" classname="com.utils.BaseClass">
    <skipped/>
  </testcase> <!-- @AfterMethod tearDown -->
  <testcase name="@BeforeMethod setUp" time="1.618" classname="com.utils.BaseClass">
    <failure type="org.openqa.selenium.SessionNotCreatedException" message="session not created: This version of ChromeDriver only supports Chrome version 81
Build info: version: &amp;apos;3.141.59&amp;apos;, revision: &amp;apos;e82be7d358&amp;apos;, time: &amp;apos;2018-11-14T08:25:48&amp;apos;
System info: host: &amp;apos;Fadwas-MBP.fios-router.home&amp;apos;, ip: &amp;apos;fe80:0:0:0:49:77b8:ac5b:871a%en0&amp;apos;, os.name: &amp;apos;Mac OS X&amp;apos;, os.arch: &amp;apos;x86_64&amp;apos;, os.version: &amp;apos;10.13.6&amp;apos;, java.version: &amp;apos;1.8.0_241&amp;apos;
Driver info: driver.version: ChromeDriver
remote stacktrace: 0   chromedriver                        0x000000010eadb789 chromedriver + 4671369
1   chromedriver                        0x000000010ea765d3 chromedriver + 4257235
2   chromedriver                        0x000000010e72000f chromedriver + 757775
3   chromedriver                        0x000000010e67ffc9 chromedriver + 102345
4   chromedriver                        0x000000010e67c1fc chromedriver + 86524
5   chromedriver                        0x000000010e6ab403 chromedriver + 279555
6   chromedriver                        0x000000010e6a8213 chromedriver + 266771
7   chromedriver                        0x000000010e68221d chromedriver + 111133
8   chromedriver                        0x000000010e6831c5 chromedriver + 115141
9   chromedriver                        0x000000010ea9e03f chromedriver + 4419647
10  chromedriver                        0x000000010eaaacda chromedriver + 4472026
11  chromedriver                        0x000000010eaaaa77 chromedriver + 4471415
12  chromedriver                        0x000000010ea82189 chromedriver + 4305289
13  chromedriver                        0x000000010eaab587 chromedriver + 4474247
14  chromedriver                        0x000000010ea93dc7 chromedriver + 4378055
15  chromedriver                        0x000000010eac17f4 chromedriver + 4564980
16  chromedriver                        0x000000010eae1717 chromedriver + 4695831
17  libsystem_pthread.dylib             0x00007fff6891e661 _pthread_body + 340
18  libsystem_pthread.dylib             0x00007fff6891e50d _pthread_body + 0
19  libsystem_pthread.dylib             0x00007fff6891dbf9 thread_start + 13
">
      <![CDATA[org.openqa.selenium.SessionNotCreatedException: session not created: This version of ChromeDriver only supports Chrome version 81
Build info: version: '3.141.59', revision: 'e82be7d358', time: '2018-11-14T08:25:48'
System info: host: 'Fadwas-MBP.fios-router.home', ip: 'fe80:0:0:0:49:77b8:ac5b:871a%en0', os.name: 'Mac OS X', os.arch: 'x86_64', os.version: '10.13.6', java.version: '1.8.0_241'
Driver info: driver.version: ChromeDriver
remote stacktrace: 0   chromedriver                        0x000000010eadb789 chromedriver + 4671369
1   chromedriver                        0x000000010ea765d3 chromedriver + 4257235
2   chromedriver                        0x000000010e72000f chromedriver + 757775
3   chromedriver                        0x000000010e67ffc9 chromedriver + 102345
4   chromedriver                        0x000000010e67c1fc chromedriver + 86524
5   chromedriver                        0x000000010e6ab403 chromedriver + 279555
6   chromedriver                        0x000000010e6a8213 chromedriver + 266771
7   chromedriver                        0x000000010e68221d chromedriver + 111133
8   chromedriver                        0x000000010e6831c5 chromedriver + 115141
9   chromedriver                        0x000000010ea9e03f chromedriver + 4419647
10  chromedriver                        0x000000010eaaacda chromedriver + 4472026
11  chromedriver                        0x000000010eaaaa77 chromedriver + 4471415
12  chromedriver                        0x000000010ea82189 chromedriver + 4305289
13  chromedriver                        0x000000010eaab587 chromedriver + 4474247
14  chromedriver                        0x000000010ea93dc7 chromedriver + 4378055
15  chromedriver                        0x000000010eac17f4 chromedriver + 4564980
16  chromedriver                        0x000000010eae1717 chromedriver + 4695831
17  libsystem_pthread.dylib             0x00007fff6891e661 _pthread_body + 340
18  libsystem_pthread.dylib             0x00007fff6891e50d _pthread_body + 0
19  libsystem_pthread.dylib             0x00007fff6891dbf9 thread_start + 13

at org.openqa.selenium.remote.W3CHandshakeResponse.lambda$errorHandler$0(W3CHandshakeResponse.java:62)
at org.openqa.selenium.remote.HandshakeResponse.lambda$getResponseFunction$0(HandshakeResponse.java:30)
at org.openqa.selenium.remote.ProtocolHandshake.lambda$createSession$0(ProtocolHandshake.java:126)
at java.util.stream.ReferencePipeline$3$1.accept(ReferencePipeline.java:193)
at java.util.Spliterators$ArraySpliterator.tryAdvance(Spliterators.java:958)
at java.util.stream.ReferencePipeline.forEachWithCancel(ReferencePipeline.java:126)
at java.util.stream.AbstractPipeline.copyIntoWithCancel(AbstractPipeline.java:499)
at java.util.stream.AbstractPipeline.copyInto(AbstractPipeline.java:486)
at java.util.stream.AbstractPipeline.wrapAndCopyInto(AbstractPipeline.java:472)
at java.util.stream.FindOps$FindOp.evaluateSequential(FindOps.java:152)
at java.util.stream.AbstractPipeline.evaluate(AbstractPipeline.java:234)
at java.util.stream.ReferencePipeline.findFirst(ReferencePipeline.java:464)
at org.openqa.selenium.remote.ProtocolHandshake.createSession(ProtocolHandshake.java:128)
at org.openqa.selenium.remote.ProtocolHandshake.createSession(ProtocolHandshake.java:74)
at org.openqa.selenium.remote.HttpCommandExecutor.execute(HttpCommandExecutor.java:136)
at org.openqa.selenium.remote.service.DriverCommandExecutor.execute(DriverCommandExecutor.java:83)
at org.openqa.selenium.remote.RemoteWebDriver.execute(RemoteWebDriver.java:552)
at org.openqa.selenium.remote.RemoteWebDriver.startSession(RemoteWebDriver.java:213)
at org.openqa.selenium.remote.RemoteWebDriver.<init>(RemoteWebDriver.java:131)
at org.openqa.selenium.chrome.ChromeDriver.<init>(ChromeDriver.java:181)
at org.openqa.selenium.chrome.ChromeDriver.<init>(ChromeDriver.java:168)
at org.openqa.selenium.chrome.ChromeDriver.<init>(ChromeDriver.java:123)
at com.utils.BaseClass.setUp(BaseClass.java:25)
at java.util.ArrayList.forEach(ArrayList.java:1257)
... Removed 35 stack frames]]>
    </failure>
  </testcase> <!-- @BeforeMethod setUp -->
  <testcase name="@BeforeMethod openBrowserAndNavigate" time="-1.590852957419E9" classname="com.class02.SoftAssertionDemo">
    <skipped/>
  </testcase> <!-- @BeforeMethod openBrowserAndNavigate -->
  <testcase name="@AfterMethod quitBrowser" time="-1.590852957428E9" classname="com.class02.SoftAssertionDemo">
    <skipped/>
  </testcase> <!-- @AfterMethod quitBrowser -->
  <testcase name="@AfterMethod tearDown" time="-1.59085295743E9" classname="com.utils.BaseClass">
    <skipped/>
  </testcase> <!-- @AfterMethod tearDown -->
  <testcase name="emptyUsernameLogin" time="0.0" classname="com.test.LoginTest">
    <skipped/>
  </testcase> <!-- emptyUsernameLogin -->
  <testcase name="invalidPasswordLogin" time="0.0" classname="com.test.LoginTest">
    <skipped/>
  </testcase> <!-- invalidPasswordLogin -->
  <testcase name="validAdminLogin" time="0.0" classname="com.test.LoginTest">
    <skipped/>
  </testcase> <!-- validAdminLogin -->
  <testcase name="logoAndWelcomeValidation" time="0.0" classname="com.class02.SoftAssertionDemo">
    <skipped/>
  </testcase> <!-- logoAndWelcomeValidation -->
</testsuite> <!-- Test -->
