<?xml version="1.0" encoding="UTF-8"?>
<testng-results skipped="4" failed="0" ignored="0" total="4" passed="0">
  <reporter-output>
  </reporter-output>
  <suite name="Regression Suite" duration-ms="4549" started-at="2020-05-30T11:35:52 EDT" finished-at="2020-05-30T11:35:57 EDT">
    <groups>
    </groups>
    <test name="Test" duration-ms="4549" started-at="2020-05-30T11:35:52 EDT" finished-at="2020-05-30T11:35:57 EDT">
      <class name="com.class02.SoftAssertionDemo">
        <test-method status="FAIL" signature="setUp()[pri:0, instance:com.class02.SoftAssertionDemo@6895a785]" name="setUp" is-config="true" duration-ms="1618" started-at="2020-05-30T11:35:55 EDT" finished-at="2020-05-30T11:35:57 EDT">
          <exception class="org.openqa.selenium.SessionNotCreatedException">
            <message>
              <![CDATA[session not created: This version of ChromeDriver only supports Chrome version 81
Build info: version: '3.141.59', revision: 'e82be7d358', time: '2018-11-14T08:25:48'
System info: host: 'Fadwas-MBP.fios-router.home', ip: 'fe80:0:0:0:49:77b8:ac5b:871a%en0', os.name: 'Mac OS X', os.arch: 'x86_64', os.version: '10.13.6', java.version: '1.8.0_241'
Driver info: driver.version: ChromeDriver
remote stacktrace: 0   chromedriver                        0x000000010eadb789 chromedriver + 4671369
1   chromedriver                        0x000000010ea765d3 chromedriver + 4257235
2   chromedriver                        0x000000010e72000f chromedriver + 757775
3   chromedriver                        0x000000010e67ffc9 chromedriver + 102345
4   chromedriver                        0x000000010e67c1fc chromedriver + 86524
5   chromedriver                        0x000000010e6ab403 chromedriver + 279555
6   chromedriver                        0x000000010e6a8213 chromedriver + 266771
7   chromedriver                        0x000000010e68221d chromedriver + 111133
8   chromedriver                        0x000000010e6831c5 chromedriver + 115141
9   chromedriver                        0x000000010ea9e03f chromedriver + 4419647
10  chromedriver                        0x000000010eaaacda chromedriver + 4472026
11  chromedriver                        0x000000010eaaaa77 chromedriver + 4471415
12  chromedriver                        0x000000010ea82189 chromedriver + 4305289
13  chromedriver                        0x000000010eaab587 chromedriver + 4474247
14  chromedriver                        0x000000010ea93dc7 chromedriver + 4378055
15  chromedriver                        0x000000010eac17f4 chromedriver + 4564980
16  chromedriver                        0x000000010eae1717 chromedriver + 4695831
17  libsystem_pthread.dylib             0x00007fff6891e661 _pthread_body + 340
18  libsystem_pthread.dylib             0x00007fff6891e50d _pthread_body + 0
19  libsystem_pthread.dylib             0x00007fff6891dbf9 thread_start + 13
]]>
            </message>
            <full-stacktrace>
              <![CDATA[org.openqa.selenium.SessionNotCreatedException: session not created: This version of ChromeDriver only supports Chrome version 81
Build info: version: '3.141.59', revision: 'e82be7d358', time: '2018-11-14T08:25:48'
System info: host: 'Fadwas-MBP.fios-router.home', ip: 'fe80:0:0:0:49:77b8:ac5b:871a%en0', os.name: 'Mac OS X', os.arch: 'x86_64', os.version: '10.13.6', java.version: '1.8.0_241'
Driver info: driver.version: ChromeDriver
remote stacktrace: 0   chromedriver                        0x000000010eadb789 chromedriver + 4671369
1   chromedriver                        0x000000010ea765d3 chromedriver + 4257235
2   chromedriver                        0x000000010e72000f chromedriver + 757775
3   chromedriver                        0x000000010e67ffc9 chromedriver + 102345
4   chromedriver                        0x000000010e67c1fc chromedriver + 86524
5   chromedriver                        0x000000010e6ab403 chromedriver + 279555
6   chromedriver                        0x000000010e6a8213 chromedriver + 266771
7   chromedriver                        0x000000010e68221d chromedriver + 111133
8   chromedriver                        0x000000010e6831c5 chromedriver + 115141
9   chromedriver                        0x000000010ea9e03f chromedriver + 4419647
10  chromedriver                        0x000000010eaaacda chromedriver + 4472026
11  chromedriver                        0x000000010eaaaa77 chromedriver + 4471415
12  chromedriver                        0x000000010ea82189 chromedriver + 4305289
13  chromedriver                        0x000000010eaab587 chromedriver + 4474247
14  chromedriver                        0x000000010ea93dc7 chromedriver + 4378055
15  chromedriver                        0x000000010eac17f4 chromedriver + 4564980
16  chromedriver                        0x000000010eae1717 chromedriver + 4695831
17  libsystem_pthread.dylib             0x00007fff6891e661 _pthread_body + 340
18  libsystem_pthread.dylib             0x00007fff6891e50d _pthread_body + 0
19  libsystem_pthread.dylib             0x00007fff6891dbf9 thread_start + 13

at sun.reflect.NativeConstructorAccessorImpl.newInstance0(Native Method)
at sun.reflect.NativeConstructorAccessorImpl.newInstance(NativeConstructorAccessorImpl.java:62)
at sun.reflect.DelegatingConstructorAccessorImpl.newInstance(DelegatingConstructorAccessorImpl.java:45)
at java.lang.reflect.Constructor.newInstance(Constructor.java:423)
at org.openqa.selenium.remote.W3CHandshakeResponse.lambda$errorHandler$0(W3CHandshakeResponse.java:62)
at org.openqa.selenium.remote.HandshakeResponse.lambda$getResponseFunction$0(HandshakeResponse.java:30)
at org.openqa.selenium.remote.ProtocolHandshake.lambda$createSession$0(ProtocolHandshake.java:126)
at java.util.stream.ReferencePipeline$3$1.accept(ReferencePipeline.java:193)
at java.util.Spliterators$ArraySpliterator.tryAdvance(Spliterators.java:958)
at java.util.stream.ReferencePipeline.forEachWithCancel(ReferencePipeline.java:126)
at java.util.stream.AbstractPipeline.copyIntoWithCancel(AbstractPipeline.java:499)
at java.util.stream.AbstractPipeline.copyInto(AbstractPipeline.java:486)
at java.util.stream.AbstractPipeline.wrapAndCopyInto(AbstractPipeline.java:472)
at java.util.stream.FindOps$FindOp.evaluateSequential(FindOps.java:152)
at java.util.stream.AbstractPipeline.evaluate(AbstractPipeline.java:234)
at java.util.stream.ReferencePipeline.findFirst(ReferencePipeline.java:464)
at org.openqa.selenium.remote.ProtocolHandshake.createSession(ProtocolHandshake.java:128)
at org.openqa.selenium.remote.ProtocolHandshake.createSession(ProtocolHandshake.java:74)
at org.openqa.selenium.remote.HttpCommandExecutor.execute(HttpCommandExecutor.java:136)
at org.openqa.selenium.remote.service.DriverCommandExecutor.execute(DriverCommandExecutor.java:83)
at org.openqa.selenium.remote.RemoteWebDriver.execute(RemoteWebDriver.java:552)
at org.openqa.selenium.remote.RemoteWebDriver.startSession(RemoteWebDriver.java:213)
at org.openqa.selenium.remote.RemoteWebDriver.<init>(RemoteWebDriver.java:131)
at org.openqa.selenium.chrome.ChromeDriver.<init>(ChromeDriver.java:181)
at org.openqa.selenium.chrome.ChromeDriver.<init>(ChromeDriver.java:168)
at org.openqa.selenium.chrome.ChromeDriver.<init>(ChromeDriver.java:123)
at com.utils.BaseClass.setUp(BaseClass.java:25)
at sun.reflect.NativeMethodAccessorImpl.invoke0(Native Method)
at sun.reflect.NativeMethodAccessorImpl.invoke(NativeMethodAccessorImpl.java:62)
at sun.reflect.DelegatingMethodAccessorImpl.invoke(DelegatingMethodAccessorImpl.java:43)
at java.lang.reflect.Method.invoke(Method.java:498)
at org.testng.internal.MethodInvocationHelper.invokeMethod(MethodInvocationHelper.java:135)
at org.testng.internal.MethodInvocationHelper.invokeMethodConsideringTimeout(MethodInvocationHelper.java:64)
at org.testng.internal.ConfigInvoker.invokeConfigurationMethod(ConfigInvoker.java:364)
at org.testng.internal.ConfigInvoker.invokeConfigurations(ConfigInvoker.java:318)
at org.testng.internal.TestInvoker.runConfigMethods(TestInvoker.java:700)
at org.testng.internal.TestInvoker.invokeMethod(TestInvoker.java:527)
at org.testng.internal.TestInvoker.invokeTestMethod(TestInvoker.java:174)
at org.testng.internal.MethodRunner.runInSequence(MethodRunner.java:46)
at org.testng.internal.TestInvoker$MethodInvocationAgent.invoke(TestInvoker.java:821)
at org.testng.internal.TestInvoker.invokeTestMethods(TestInvoker.java:147)
at org.testng.internal.TestMethodWorker.invokeTestMethods(TestMethodWorker.java:146)
at org.testng.internal.TestMethodWorker.run(TestMethodWorker.java:128)
at java.util.ArrayList.forEach(ArrayList.java:1257)
at org.testng.TestRunner.privateRun(TestRunner.java:767)
at org.testng.TestRunner.run(TestRunner.java:588)
at org.testng.SuiteRunner.runTest(SuiteRunner.java:384)
at org.testng.SuiteRunner.runSequentially(SuiteRunner.java:378)
at org.testng.SuiteRunner.privateRun(SuiteRunner.java:337)
at org.testng.SuiteRunner.run(SuiteRunner.java:286)
at org.testng.SuiteRunnerWorker.runSuite(SuiteRunnerWorker.java:53)
at org.testng.SuiteRunnerWorker.run(SuiteRunnerWorker.java:96)
at org.testng.TestNG.runSuitesSequentially(TestNG.java:1214)
at org.testng.TestNG.runSuitesLocally(TestNG.java:1136)
at org.testng.TestNG.runSuites(TestNG.java:1066)
at org.testng.TestNG.run(TestNG.java:1034)
at org.testng.remote.AbstractRemoteTestNG.run(AbstractRemoteTestNG.java:115)
at org.testng.remote.RemoteTestNG.initAndRun(RemoteTestNG.java:251)
at org.testng.remote.RemoteTestNG.main(RemoteTestNG.java:77)
]]>
            </full-stacktrace>
          </exception> <!-- org.openqa.selenium.SessionNotCreatedException -->
          <reporter-output>
          </reporter-output>
        </test-method> <!-- setUp -->
        <test-method status="SKIP" signature="openBrowserAndNavigate()[pri:0, instance:com.class02.SoftAssertionDemo@6895a785]" name="openBrowserAndNavigate" is-config="true" duration-ms="-1590852957419" started-at="2020-05-30T11:35:57 EDT" finished-at="1969-12-31T19:00:00 EST">
          <reporter-output>
          </reporter-output>
        </test-method> <!-- openBrowserAndNavigate -->
        <test-method status="SKIP" signature="logoAndWelcomeValidation()[pri:0, instance:com.class02.SoftAssertionDemo@6895a785]" name="logoAndWelcomeValidation" duration-ms="0" started-at="2020-05-30T11:35:57 EDT" finished-at="2020-05-30T11:35:57 EDT">
          <exception class="org.openqa.selenium.SessionNotCreatedException">
            <message>
              <![CDATA[session not created: This version of ChromeDriver only supports Chrome version 81
Build info: version: '3.141.59', revision: 'e82be7d358', time: '2018-11-14T08:25:48'
System info: host: 'Fadwas-MBP.fios-router.home', ip: 'fe80:0:0:0:49:77b8:ac5b:871a%en0', os.name: 'Mac OS X', os.arch: 'x86_64', os.version: '10.13.6', java.version: '1.8.0_241'
Driver info: driver.version: ChromeDriver
remote stacktrace: 0   chromedriver                        0x000000010eadb789 chromedriver + 4671369
1   chromedriver                        0x000000010ea765d3 chromedriver + 4257235
2   chromedriver                        0x000000010e72000f chromedriver + 757775
3   chromedriver                        0x000000010e67ffc9 chromedriver + 102345
4   chromedriver                        0x000000010e67c1fc chromedriver + 86524
5   chromedriver                        0x000000010e6ab403 chromedriver + 279555
6   chromedriver                        0x000000010e6a8213 chromedriver + 266771
7   chromedriver                        0x000000010e68221d chromedriver + 111133
8   chromedriver                        0x000000010e6831c5 chromedriver + 115141
9   chromedriver                        0x000000010ea9e03f chromedriver + 4419647
10  chromedriver                        0x000000010eaaacda chromedriver + 4472026
11  chromedriver                        0x000000010eaaaa77 chromedriver + 4471415
12  chromedriver                        0x000000010ea82189 chromedriver + 4305289
13  chromedriver                        0x000000010eaab587 chromedriver + 4474247
14  chromedriver                        0x000000010ea93dc7 chromedriver + 4378055
15  chromedriver                        0x000000010eac17f4 chromedriver + 4564980
16  chromedriver                        0x000000010eae1717 chromedriver + 4695831
17  libsystem_pthread.dylib             0x00007fff6891e661 _pthread_body + 340
18  libsystem_pthread.dylib             0x00007fff6891e50d _pthread_body + 0
19  libsystem_pthread.dylib             0x00007fff6891dbf9 thread_start + 13
]]>
            </message>
            <full-stacktrace>
              <![CDATA[org.openqa.selenium.SessionNotCreatedException: session not created: This version of ChromeDriver only supports Chrome version 81
Build info: version: '3.141.59', revision: 'e82be7d358', time: '2018-11-14T08:25:48'
System info: host: 'Fadwas-MBP.fios-router.home', ip: 'fe80:0:0:0:49:77b8:ac5b:871a%en0', os.name: 'Mac OS X', os.arch: 'x86_64', os.version: '10.13.6', java.version: '1.8.0_241'
Driver info: driver.version: ChromeDriver
remote stacktrace: 0   chromedriver                        0x000000010eadb789 chromedriver + 4671369
1   chromedriver                        0x000000010ea765d3 chromedriver + 4257235
2   chromedriver                        0x000000010e72000f chromedriver + 757775
3   chromedriver                        0x000000010e67ffc9 chromedriver + 102345
4   chromedriver                        0x000000010e67c1fc chromedriver + 86524
5   chromedriver                        0x000000010e6ab403 chromedriver + 279555
6   chromedriver                        0x000000010e6a8213 chromedriver + 266771
7   chromedriver                        0x000000010e68221d chromedriver + 111133
8   chromedriver                        0x000000010e6831c5 chromedriver + 115141
9   chromedriver                        0x000000010ea9e03f chromedriver + 4419647
10  chromedriver                        0x000000010eaaacda chromedriver + 4472026
11  chromedriver                        0x000000010eaaaa77 chromedriver + 4471415
12  chromedriver                        0x000000010ea82189 chromedriver + 4305289
13  chromedriver                        0x000000010eaab587 chromedriver + 4474247
14  chromedriver                        0x000000010ea93dc7 chromedriver + 4378055
15  chromedriver                        0x000000010eac17f4 chromedriver + 4564980
16  chromedriver                        0x000000010eae1717 chromedriver + 4695831
17  libsystem_pthread.dylib             0x00007fff6891e661 _pthread_body + 340
18  libsystem_pthread.dylib             0x00007fff6891e50d _pthread_body + 0
19  libsystem_pthread.dylib             0x00007fff6891dbf9 thread_start + 13

at sun.reflect.NativeConstructorAccessorImpl.newInstance0(Native Method)
at sun.reflect.NativeConstructorAccessorImpl.newInstance(NativeConstructorAccessorImpl.java:62)
at sun.reflect.DelegatingConstructorAccessorImpl.newInstance(DelegatingConstructorAccessorImpl.java:45)
at java.lang.reflect.Constructor.newInstance(Constructor.java:423)
at org.openqa.selenium.remote.W3CHandshakeResponse.lambda$errorHandler$0(W3CHandshakeResponse.java:62)
at org.openqa.selenium.remote.HandshakeResponse.lambda$getResponseFunction$0(HandshakeResponse.java:30)
at org.openqa.selenium.remote.ProtocolHandshake.lambda$createSession$0(ProtocolHandshake.java:126)
at java.util.stream.ReferencePipeline$3$1.accept(ReferencePipeline.java:193)
at java.util.Spliterators$ArraySpliterator.tryAdvance(Spliterators.java:958)
at java.util.stream.ReferencePipeline.forEachWithCancel(ReferencePipeline.java:126)
at java.util.stream.AbstractPipeline.copyIntoWithCancel(AbstractPipeline.java:499)
at java.util.stream.AbstractPipeline.copyInto(AbstractPipeline.java:486)
at java.util.stream.AbstractPipeline.wrapAndCopyInto(AbstractPipeline.java:472)
at java.util.stream.FindOps$FindOp.evaluateSequential(FindOps.java:152)
at java.util.stream.AbstractPipeline.evaluate(AbstractPipeline.java:234)
at java.util.stream.ReferencePipeline.findFirst(ReferencePipeline.java:464)
at org.openqa.selenium.remote.ProtocolHandshake.createSession(ProtocolHandshake.java:128)
at org.openqa.selenium.remote.ProtocolHandshake.createSession(ProtocolHandshake.java:74)
at org.openqa.selenium.remote.HttpCommandExecutor.execute(HttpCommandExecutor.java:136)
at org.openqa.selenium.remote.service.DriverCommandExecutor.execute(DriverCommandExecutor.java:83)
at org.openqa.selenium.remote.RemoteWebDriver.execute(RemoteWebDriver.java:552)
at org.openqa.selenium.remote.RemoteWebDriver.startSession(RemoteWebDriver.java:213)
at org.openqa.selenium.remote.RemoteWebDriver.<init>(RemoteWebDriver.java:131)
at org.openqa.selenium.chrome.ChromeDriver.<init>(ChromeDriver.java:181)
at org.openqa.selenium.chrome.ChromeDriver.<init>(ChromeDriver.java:168)
at org.openqa.selenium.chrome.ChromeDriver.<init>(ChromeDriver.java:123)
at com.utils.BaseClass.setUp(BaseClass.java:25)
at sun.reflect.NativeMethodAccessorImpl.invoke0(Native Method)
at sun.reflect.NativeMethodAccessorImpl.invoke(NativeMethodAccessorImpl.java:62)
at sun.reflect.DelegatingMethodAccessorImpl.invoke(DelegatingMethodAccessorImpl.java:43)
at java.lang.reflect.Method.invoke(Method.java:498)
at org.testng.internal.MethodInvocationHelper.invokeMethod(MethodInvocationHelper.java:135)
at org.testng.internal.MethodInvocationHelper.invokeMethodConsideringTimeout(MethodInvocationHelper.java:64)
at org.testng.internal.ConfigInvoker.invokeConfigurationMethod(ConfigInvoker.java:364)
at org.testng.internal.ConfigInvoker.invokeConfigurations(ConfigInvoker.java:318)
at org.testng.internal.TestInvoker.runConfigMethods(TestInvoker.java:700)
at org.testng.internal.TestInvoker.invokeMethod(TestInvoker.java:527)
at org.testng.internal.TestInvoker.invokeTestMethod(TestInvoker.java:174)
at org.testng.internal.MethodRunner.runInSequence(MethodRunner.java:46)
at org.testng.internal.TestInvoker$MethodInvocationAgent.invoke(TestInvoker.java:821)
at org.testng.internal.TestInvoker.invokeTestMethods(TestInvoker.java:147)
at org.testng.internal.TestMethodWorker.invokeTestMethods(TestMethodWorker.java:146)
at org.testng.internal.TestMethodWorker.run(TestMethodWorker.java:128)
at java.util.ArrayList.forEach(ArrayList.java:1257)
at org.testng.TestRunner.privateRun(TestRunner.java:767)
at org.testng.TestRunner.run(TestRunner.java:588)
at org.testng.SuiteRunner.runTest(SuiteRunner.java:384)
at org.testng.SuiteRunner.runSequentially(SuiteRunner.java:378)
at org.testng.SuiteRunner.privateRun(SuiteRunner.java:337)
at org.testng.SuiteRunner.run(SuiteRunner.java:286)
at org.testng.SuiteRunnerWorker.runSuite(SuiteRunnerWorker.java:53)
at org.testng.SuiteRunnerWorker.run(SuiteRunnerWorker.java:96)
at org.testng.TestNG.runSuitesSequentially(TestNG.java:1214)
at org.testng.TestNG.runSuitesLocally(TestNG.java:1136)
at org.testng.TestNG.runSuites(TestNG.java:1066)
at org.testng.TestNG.run(TestNG.java:1034)
at org.testng.remote.AbstractRemoteTestNG.run(AbstractRemoteTestNG.java:115)
at org.testng.remote.RemoteTestNG.initAndRun(RemoteTestNG.java:251)
at org.testng.remote.RemoteTestNG.main(RemoteTestNG.java:77)
]]>
            </full-stacktrace>
          </exception> <!-- org.openqa.selenium.SessionNotCreatedException -->
          <reporter-output>
          </reporter-output>
        </test-method> <!-- logoAndWelcomeValidation -->
        <test-method status="SKIP" signature="quitBrowser()[pri:0, instance:com.class02.SoftAssertionDemo@6895a785]" name="quitBrowser" is-config="true" duration-ms="-1590852957428" started-at="2020-05-30T11:35:57 EDT" finished-at="1969-12-31T19:00:00 EST">
          <reporter-output>
          </reporter-output>
        </test-method> <!-- quitBrowser -->
        <test-method status="SKIP" signature="tearDown()[pri:0, instance:com.class02.SoftAssertionDemo@6895a785]" name="tearDown" is-config="true" duration-ms="-1590852957430" started-at="2020-05-30T11:35:57 EDT" finished-at="1969-12-31T19:00:00 EST">
          <reporter-output>
          </reporter-output>
        </test-method> <!-- tearDown -->
      </class> <!-- com.class02.SoftAssertionDemo -->
      <class name="com.test.LoginTest">
        <test-method status="FAIL" signature="setUp()[pri:0, instance:com.test.LoginTest@48503868]" name="setUp" is-config="true" duration-ms="2789" started-at="2020-05-30T11:35:52 EDT" finished-at="2020-05-30T11:35:55 EDT">
          <exception class="org.openqa.selenium.SessionNotCreatedException">
            <message>
              <![CDATA[session not created: This version of ChromeDriver only supports Chrome version 81
Build info: version: '3.141.59', revision: 'e82be7d358', time: '2018-11-14T08:25:48'
System info: host: 'Fadwas-MBP.fios-router.home', ip: 'fe80:0:0:0:49:77b8:ac5b:871a%en0', os.name: 'Mac OS X', os.arch: 'x86_64', os.version: '10.13.6', java.version: '1.8.0_241'
Driver info: driver.version: ChromeDriver
remote stacktrace: 0   chromedriver                        0x000000010e3aa789 chromedriver + 4671369
1   chromedriver                        0x000000010e3455d3 chromedriver + 4257235
2   chromedriver                        0x000000010dfef00f chromedriver + 757775
3   chromedriver                        0x000000010df4efc9 chromedriver + 102345
4   chromedriver                        0x000000010df4b1fc chromedriver + 86524
5   chromedriver                        0x000000010df7a403 chromedriver + 279555
6   chromedriver                        0x000000010df77213 chromedriver + 266771
7   chromedriver                        0x000000010df5121d chromedriver + 111133
8   chromedriver                        0x000000010df521c5 chromedriver + 115141
9   chromedriver                        0x000000010e36d03f chromedriver + 4419647
10  chromedriver                        0x000000010e379cda chromedriver + 4472026
11  chromedriver                        0x000000010e379a77 chromedriver + 4471415
12  chromedriver                        0x000000010e351189 chromedriver + 4305289
13  chromedriver                        0x000000010e37a587 chromedriver + 4474247
14  chromedriver                        0x000000010e362dc7 chromedriver + 4378055
15  chromedriver                        0x000000010e3907f4 chromedriver + 4564980
16  chromedriver                        0x000000010e3b0717 chromedriver + 4695831
17  libsystem_pthread.dylib             0x00007fff6891e661 _pthread_body + 340
18  libsystem_pthread.dylib             0x00007fff6891e50d _pthread_body + 0
19  libsystem_pthread.dylib             0x00007fff6891dbf9 thread_start + 13
]]>
            </message>
            <full-stacktrace>
              <![CDATA[org.openqa.selenium.SessionNotCreatedException: session not created: This version of ChromeDriver only supports Chrome version 81
Build info: version: '3.141.59', revision: 'e82be7d358', time: '2018-11-14T08:25:48'
System info: host: 'Fadwas-MBP.fios-router.home', ip: 'fe80:0:0:0:49:77b8:ac5b:871a%en0', os.name: 'Mac OS X', os.arch: 'x86_64', os.version: '10.13.6', java.version: '1.8.0_241'
Driver info: driver.version: ChromeDriver
remote stacktrace: 0   chromedriver                        0x000000010e3aa789 chromedriver + 4671369
1   chromedriver                        0x000000010e3455d3 chromedriver + 4257235
2   chromedriver                        0x000000010dfef00f chromedriver + 757775
3   chromedriver                        0x000000010df4efc9 chromedriver + 102345
4   chromedriver                        0x000000010df4b1fc chromedriver + 86524
5   chromedriver                        0x000000010df7a403 chromedriver + 279555
6   chromedriver                        0x000000010df77213 chromedriver + 266771
7   chromedriver                        0x000000010df5121d chromedriver + 111133
8   chromedriver                        0x000000010df521c5 chromedriver + 115141
9   chromedriver                        0x000000010e36d03f chromedriver + 4419647
10  chromedriver                        0x000000010e379cda chromedriver + 4472026
11  chromedriver                        0x000000010e379a77 chromedriver + 4471415
12  chromedriver                        0x000000010e351189 chromedriver + 4305289
13  chromedriver                        0x000000010e37a587 chromedriver + 4474247
14  chromedriver                        0x000000010e362dc7 chromedriver + 4378055
15  chromedriver                        0x000000010e3907f4 chromedriver + 4564980
16  chromedriver                        0x000000010e3b0717 chromedriver + 4695831
17  libsystem_pthread.dylib             0x00007fff6891e661 _pthread_body + 340
18  libsystem_pthread.dylib             0x00007fff6891e50d _pthread_body + 0
19  libsystem_pthread.dylib             0x00007fff6891dbf9 thread_start + 13

at sun.reflect.NativeConstructorAccessorImpl.newInstance0(Native Method)
at sun.reflect.NativeConstructorAccessorImpl.newInstance(NativeConstructorAccessorImpl.java:62)
at sun.reflect.DelegatingConstructorAccessorImpl.newInstance(DelegatingConstructorAccessorImpl.java:45)
at java.lang.reflect.Constructor.newInstance(Constructor.java:423)
at org.openqa.selenium.remote.W3CHandshakeResponse.lambda$errorHandler$0(W3CHandshakeResponse.java:62)
at org.openqa.selenium.remote.HandshakeResponse.lambda$getResponseFunction$0(HandshakeResponse.java:30)
at org.openqa.selenium.remote.ProtocolHandshake.lambda$createSession$0(ProtocolHandshake.java:126)
at java.util.stream.ReferencePipeline$3$1.accept(ReferencePipeline.java:193)
at java.util.Spliterators$ArraySpliterator.tryAdvance(Spliterators.java:958)
at java.util.stream.ReferencePipeline.forEachWithCancel(ReferencePipeline.java:126)
at java.util.stream.AbstractPipeline.copyIntoWithCancel(AbstractPipeline.java:499)
at java.util.stream.AbstractPipeline.copyInto(AbstractPipeline.java:486)
at java.util.stream.AbstractPipeline.wrapAndCopyInto(AbstractPipeline.java:472)
at java.util.stream.FindOps$FindOp.evaluateSequential(FindOps.java:152)
at java.util.stream.AbstractPipeline.evaluate(AbstractPipeline.java:234)
at java.util.stream.ReferencePipeline.findFirst(ReferencePipeline.java:464)
at org.openqa.selenium.remote.ProtocolHandshake.createSession(ProtocolHandshake.java:128)
at org.openqa.selenium.remote.ProtocolHandshake.createSession(ProtocolHandshake.java:74)
at org.openqa.selenium.remote.HttpCommandExecutor.execute(HttpCommandExecutor.java:136)
at org.openqa.selenium.remote.service.DriverCommandExecutor.execute(DriverCommandExecutor.java:83)
at org.openqa.selenium.remote.RemoteWebDriver.execute(RemoteWebDriver.java:552)
at org.openqa.selenium.remote.RemoteWebDriver.startSession(RemoteWebDriver.java:213)
at org.openqa.selenium.remote.RemoteWebDriver.<init>(RemoteWebDriver.java:131)
at org.openqa.selenium.chrome.ChromeDriver.<init>(ChromeDriver.java:181)
at org.openqa.selenium.chrome.ChromeDriver.<init>(ChromeDriver.java:168)
at org.openqa.selenium.chrome.ChromeDriver.<init>(ChromeDriver.java:123)
at com.utils.BaseClass.setUp(BaseClass.java:25)
at sun.reflect.NativeMethodAccessorImpl.invoke0(Native Method)
at sun.reflect.NativeMethodAccessorImpl.invoke(NativeMethodAccessorImpl.java:62)
at sun.reflect.DelegatingMethodAccessorImpl.invoke(DelegatingMethodAccessorImpl.java:43)
at java.lang.reflect.Method.invoke(Method.java:498)
at org.testng.internal.MethodInvocationHelper.invokeMethod(MethodInvocationHelper.java:135)
at org.testng.internal.MethodInvocationHelper.invokeMethodConsideringTimeout(MethodInvocationHelper.java:64)
at org.testng.internal.ConfigInvoker.invokeConfigurationMethod(ConfigInvoker.java:364)
at org.testng.internal.ConfigInvoker.invokeConfigurations(ConfigInvoker.java:318)
at org.testng.internal.TestInvoker.runConfigMethods(TestInvoker.java:700)
at org.testng.internal.TestInvoker.invokeMethod(TestInvoker.java:527)
at org.testng.internal.TestInvoker.invokeTestMethod(TestInvoker.java:174)
at org.testng.internal.MethodRunner.runInSequence(MethodRunner.java:46)
at org.testng.internal.TestInvoker$MethodInvocationAgent.invoke(TestInvoker.java:821)
at org.testng.internal.TestInvoker.invokeTestMethods(TestInvoker.java:147)
at org.testng.internal.TestMethodWorker.invokeTestMethods(TestMethodWorker.java:146)
at org.testng.internal.TestMethodWorker.run(TestMethodWorker.java:128)
at java.util.ArrayList.forEach(ArrayList.java:1257)
at org.testng.TestRunner.privateRun(TestRunner.java:767)
at org.testng.TestRunner.run(TestRunner.java:588)
at org.testng.SuiteRunner.runTest(SuiteRunner.java:384)
at org.testng.SuiteRunner.runSequentially(SuiteRunner.java:378)
at org.testng.SuiteRunner.privateRun(SuiteRunner.java:337)
at org.testng.SuiteRunner.run(SuiteRunner.java:286)
at org.testng.SuiteRunnerWorker.runSuite(SuiteRunnerWorker.java:53)
at org.testng.SuiteRunnerWorker.run(SuiteRunnerWorker.java:96)
at org.testng.TestNG.runSuitesSequentially(TestNG.java:1214)
at org.testng.TestNG.runSuitesLocally(TestNG.java:1136)
at org.testng.TestNG.runSuites(TestNG.java:1066)
at org.testng.TestNG.run(TestNG.java:1034)
at org.testng.remote.AbstractRemoteTestNG.run(AbstractRemoteTestNG.java:115)
at org.testng.remote.RemoteTestNG.initAndRun(RemoteTestNG.java:251)
at org.testng.remote.RemoteTestNG.main(RemoteTestNG.java:77)
]]>
            </full-stacktrace>
          </exception> <!-- org.openqa.selenium.SessionNotCreatedException -->
          <reporter-output>
          </reporter-output>
        </test-method> <!-- setUp -->
        <test-method status="SKIP" signature="emptyUsernameLogin()[pri:0, instance:com.test.LoginTest@48503868]" name="emptyUsernameLogin" duration-ms="0" started-at="2020-05-30T11:35:55 EDT" finished-at="2020-05-30T11:35:55 EDT">
          <exception class="org.openqa.selenium.SessionNotCreatedException">
            <message>
              <![CDATA[session not created: This version of ChromeDriver only supports Chrome version 81
Build info: version: '3.141.59', revision: 'e82be7d358', time: '2018-11-14T08:25:48'
System info: host: 'Fadwas-MBP.fios-router.home', ip: 'fe80:0:0:0:49:77b8:ac5b:871a%en0', os.name: 'Mac OS X', os.arch: 'x86_64', os.version: '10.13.6', java.version: '1.8.0_241'
Driver info: driver.version: ChromeDriver
remote stacktrace: 0   chromedriver                        0x000000010e3aa789 chromedriver + 4671369
1   chromedriver                        0x000000010e3455d3 chromedriver + 4257235
2   chromedriver                        0x000000010dfef00f chromedriver + 757775
3   chromedriver                        0x000000010df4efc9 chromedriver + 102345
4   chromedriver                        0x000000010df4b1fc chromedriver + 86524
5   chromedriver                        0x000000010df7a403 chromedriver + 279555
6   chromedriver                        0x000000010df77213 chromedriver + 266771
7   chromedriver                        0x000000010df5121d chromedriver + 111133
8   chromedriver                        0x000000010df521c5 chromedriver + 115141
9   chromedriver                        0x000000010e36d03f chromedriver + 4419647
10  chromedriver                        0x000000010e379cda chromedriver + 4472026
11  chromedriver                        0x000000010e379a77 chromedriver + 4471415
12  chromedriver                        0x000000010e351189 chromedriver + 4305289
13  chromedriver                        0x000000010e37a587 chromedriver + 4474247
14  chromedriver                        0x000000010e362dc7 chromedriver + 4378055
15  chromedriver                        0x000000010e3907f4 chromedriver + 4564980
16  chromedriver                        0x000000010e3b0717 chromedriver + 4695831
17  libsystem_pthread.dylib             0x00007fff6891e661 _pthread_body + 340
18  libsystem_pthread.dylib             0x00007fff6891e50d _pthread_body + 0
19  libsystem_pthread.dylib             0x00007fff6891dbf9 thread_start + 13
]]>
            </message>
            <full-stacktrace>
              <![CDATA[org.openqa.selenium.SessionNotCreatedException: session not created: This version of ChromeDriver only supports Chrome version 81
Build info: version: '3.141.59', revision: 'e82be7d358', time: '2018-11-14T08:25:48'
System info: host: 'Fadwas-MBP.fios-router.home', ip: 'fe80:0:0:0:49:77b8:ac5b:871a%en0', os.name: 'Mac OS X', os.arch: 'x86_64', os.version: '10.13.6', java.version: '1.8.0_241'
Driver info: driver.version: ChromeDriver
remote stacktrace: 0   chromedriver                        0x000000010e3aa789 chromedriver + 4671369
1   chromedriver                        0x000000010e3455d3 chromedriver + 4257235
2   chromedriver                        0x000000010dfef00f chromedriver + 757775
3   chromedriver                        0x000000010df4efc9 chromedriver + 102345
4   chromedriver                        0x000000010df4b1fc chromedriver + 86524
5   chromedriver                        0x000000010df7a403 chromedriver + 279555
6   chromedriver                        0x000000010df77213 chromedriver + 266771
7   chromedriver                        0x000000010df5121d chromedriver + 111133
8   chromedriver                        0x000000010df521c5 chromedriver + 115141
9   chromedriver                        0x000000010e36d03f chromedriver + 4419647
10  chromedriver                        0x000000010e379cda chromedriver + 4472026
11  chromedriver                        0x000000010e379a77 chromedriver + 4471415
12  chromedriver                        0x000000010e351189 chromedriver + 4305289
13  chromedriver                        0x000000010e37a587 chromedriver + 4474247
14  chromedriver                        0x000000010e362dc7 chromedriver + 4378055
15  chromedriver                        0x000000010e3907f4 chromedriver + 4564980
16  chromedriver                        0x000000010e3b0717 chromedriver + 4695831
17  libsystem_pthread.dylib             0x00007fff6891e661 _pthread_body + 340
18  libsystem_pthread.dylib             0x00007fff6891e50d _pthread_body + 0
19  libsystem_pthread.dylib             0x00007fff6891dbf9 thread_start + 13

at sun.reflect.NativeConstructorAccessorImpl.newInstance0(Native Method)
at sun.reflect.NativeConstructorAccessorImpl.newInstance(NativeConstructorAccessorImpl.java:62)
at sun.reflect.DelegatingConstructorAccessorImpl.newInstance(DelegatingConstructorAccessorImpl.java:45)
at java.lang.reflect.Constructor.newInstance(Constructor.java:423)
at org.openqa.selenium.remote.W3CHandshakeResponse.lambda$errorHandler$0(W3CHandshakeResponse.java:62)
at org.openqa.selenium.remote.HandshakeResponse.lambda$getResponseFunction$0(HandshakeResponse.java:30)
at org.openqa.selenium.remote.ProtocolHandshake.lambda$createSession$0(ProtocolHandshake.java:126)
at java.util.stream.ReferencePipeline$3$1.accept(ReferencePipeline.java:193)
at java.util.Spliterators$ArraySpliterator.tryAdvance(Spliterators.java:958)
at java.util.stream.ReferencePipeline.forEachWithCancel(ReferencePipeline.java:126)
at java.util.stream.AbstractPipeline.copyIntoWithCancel(AbstractPipeline.java:499)
at java.util.stream.AbstractPipeline.copyInto(AbstractPipeline.java:486)
at java.util.stream.AbstractPipeline.wrapAndCopyInto(AbstractPipeline.java:472)
at java.util.stream.FindOps$FindOp.evaluateSequential(FindOps.java:152)
at java.util.stream.AbstractPipeline.evaluate(AbstractPipeline.java:234)
at java.util.stream.ReferencePipeline.findFirst(ReferencePipeline.java:464)
at org.openqa.selenium.remote.ProtocolHandshake.createSession(ProtocolHandshake.java:128)
at org.openqa.selenium.remote.ProtocolHandshake.createSession(ProtocolHandshake.java:74)
at org.openqa.selenium.remote.HttpCommandExecutor.execute(HttpCommandExecutor.java:136)
at org.openqa.selenium.remote.service.DriverCommandExecutor.execute(DriverCommandExecutor.java:83)
at org.openqa.selenium.remote.RemoteWebDriver.execute(RemoteWebDriver.java:552)
at org.openqa.selenium.remote.RemoteWebDriver.startSession(RemoteWebDriver.java:213)
at org.openqa.selenium.remote.RemoteWebDriver.<init>(RemoteWebDriver.java:131)
at org.openqa.selenium.chrome.ChromeDriver.<init>(ChromeDriver.java:181)
at org.openqa.selenium.chrome.ChromeDriver.<init>(ChromeDriver.java:168)
at org.openqa.selenium.chrome.ChromeDriver.<init>(ChromeDriver.java:123)
at com.utils.BaseClass.setUp(BaseClass.java:25)
at sun.reflect.NativeMethodAccessorImpl.invoke0(Native Method)
at sun.reflect.NativeMethodAccessorImpl.invoke(NativeMethodAccessorImpl.java:62)
at sun.reflect.DelegatingMethodAccessorImpl.invoke(DelegatingMethodAccessorImpl.java:43)
at java.lang.reflect.Method.invoke(Method.java:498)
at org.testng.internal.MethodInvocationHelper.invokeMethod(MethodInvocationHelper.java:135)
at org.testng.internal.MethodInvocationHelper.invokeMethodConsideringTimeout(MethodInvocationHelper.java:64)
at org.testng.internal.ConfigInvoker.invokeConfigurationMethod(ConfigInvoker.java:364)
at org.testng.internal.ConfigInvoker.invokeConfigurations(ConfigInvoker.java:318)
at org.testng.internal.TestInvoker.runConfigMethods(TestInvoker.java:700)
at org.testng.internal.TestInvoker.invokeMethod(TestInvoker.java:527)
at org.testng.internal.TestInvoker.invokeTestMethod(TestInvoker.java:174)
at org.testng.internal.MethodRunner.runInSequence(MethodRunner.java:46)
at org.testng.internal.TestInvoker$MethodInvocationAgent.invoke(TestInvoker.java:821)
at org.testng.internal.TestInvoker.invokeTestMethods(TestInvoker.java:147)
at org.testng.internal.TestMethodWorker.invokeTestMethods(TestMethodWorker.java:146)
at org.testng.internal.TestMethodWorker.run(TestMethodWorker.java:128)
at java.util.ArrayList.forEach(ArrayList.java:1257)
at org.testng.TestRunner.privateRun(TestRunner.java:767)
at org.testng.TestRunner.run(TestRunner.java:588)
at org.testng.SuiteRunner.runTest(SuiteRunner.java:384)
at org.testng.SuiteRunner.runSequentially(SuiteRunner.java:378)
at org.testng.SuiteRunner.privateRun(SuiteRunner.java:337)
at org.testng.SuiteRunner.run(SuiteRunner.java:286)
at org.testng.SuiteRunnerWorker.runSuite(SuiteRunnerWorker.java:53)
at org.testng.SuiteRunnerWorker.run(SuiteRunnerWorker.java:96)
at org.testng.TestNG.runSuitesSequentially(TestNG.java:1214)
at org.testng.TestNG.runSuitesLocally(TestNG.java:1136)
at org.testng.TestNG.runSuites(TestNG.java:1066)
at org.testng.TestNG.run(TestNG.java:1034)
at org.testng.remote.AbstractRemoteTestNG.run(AbstractRemoteTestNG.java:115)
at org.testng.remote.RemoteTestNG.initAndRun(RemoteTestNG.java:251)
at org.testng.remote.RemoteTestNG.main(RemoteTestNG.java:77)
]]>
            </full-stacktrace>
          </exception> <!-- org.openqa.selenium.SessionNotCreatedException -->
          <reporter-output>
          </reporter-output>
        </test-method> <!-- emptyUsernameLogin -->
        <test-method status="SKIP" signature="tearDown()[pri:0, instance:com.test.LoginTest@48503868]" name="tearDown" is-config="true" duration-ms="-1590852955744" started-at="2020-05-30T11:35:55 EDT" finished-at="1969-12-31T19:00:00 EST">
          <reporter-output>
          </reporter-output>
        </test-method> <!-- tearDown -->
        <test-method status="SKIP" signature="setUp()[pri:0, instance:com.test.LoginTest@48503868]" name="setUp" is-config="true" duration-ms="-1590852955751" started-at="2020-05-30T11:35:55 EDT" finished-at="1969-12-31T19:00:00 EST">
          <reporter-output>
          </reporter-output>
        </test-method> <!-- setUp -->
        <test-method status="SKIP" signature="invalidPasswordLogin()[pri:0, instance:com.test.LoginTest@48503868]" name="invalidPasswordLogin" duration-ms="0" started-at="2020-05-30T11:35:55 EDT" finished-at="2020-05-30T11:35:55 EDT">
          <exception class="org.openqa.selenium.SessionNotCreatedException">
            <message>
              <![CDATA[session not created: This version of ChromeDriver only supports Chrome version 81
Build info: version: '3.141.59', revision: 'e82be7d358', time: '2018-11-14T08:25:48'
System info: host: 'Fadwas-MBP.fios-router.home', ip: 'fe80:0:0:0:49:77b8:ac5b:871a%en0', os.name: 'Mac OS X', os.arch: 'x86_64', os.version: '10.13.6', java.version: '1.8.0_241'
Driver info: driver.version: ChromeDriver
remote stacktrace: 0   chromedriver                        0x000000010e3aa789 chromedriver + 4671369
1   chromedriver                        0x000000010e3455d3 chromedriver + 4257235
2   chromedriver                        0x000000010dfef00f chromedriver + 757775
3   chromedriver                        0x000000010df4efc9 chromedriver + 102345
4   chromedriver                        0x000000010df4b1fc chromedriver + 86524
5   chromedriver                        0x000000010df7a403 chromedriver + 279555
6   chromedriver                        0x000000010df77213 chromedriver + 266771
7   chromedriver                        0x000000010df5121d chromedriver + 111133
8   chromedriver                        0x000000010df521c5 chromedriver + 115141
9   chromedriver                        0x000000010e36d03f chromedriver + 4419647
10  chromedriver                        0x000000010e379cda chromedriver + 4472026
11  chromedriver                        0x000000010e379a77 chromedriver + 4471415
12  chromedriver                        0x000000010e351189 chromedriver + 4305289
13  chromedriver                        0x000000010e37a587 chromedriver + 4474247
14  chromedriver                        0x000000010e362dc7 chromedriver + 4378055
15  chromedriver                        0x000000010e3907f4 chromedriver + 4564980
16  chromedriver                        0x000000010e3b0717 chromedriver + 4695831
17  libsystem_pthread.dylib             0x00007fff6891e661 _pthread_body + 340
18  libsystem_pthread.dylib             0x00007fff6891e50d _pthread_body + 0
19  libsystem_pthread.dylib             0x00007fff6891dbf9 thread_start + 13
]]>
            </message>
            <full-stacktrace>
              <![CDATA[org.openqa.selenium.SessionNotCreatedException: session not created: This version of ChromeDriver only supports Chrome version 81
Build info: version: '3.141.59', revision: 'e82be7d358', time: '2018-11-14T08:25:48'
System info: host: 'Fadwas-MBP.fios-router.home', ip: 'fe80:0:0:0:49:77b8:ac5b:871a%en0', os.name: 'Mac OS X', os.arch: 'x86_64', os.version: '10.13.6', java.version: '1.8.0_241'
Driver info: driver.version: ChromeDriver
remote stacktrace: 0   chromedriver                        0x000000010e3aa789 chromedriver + 4671369
1   chromedriver                        0x000000010e3455d3 chromedriver + 4257235
2   chromedriver                        0x000000010dfef00f chromedriver + 757775
3   chromedriver                        0x000000010df4efc9 chromedriver + 102345
4   chromedriver                        0x000000010df4b1fc chromedriver + 86524
5   chromedriver                        0x000000010df7a403 chromedriver + 279555
6   chromedriver                        0x000000010df77213 chromedriver + 266771
7   chromedriver                        0x000000010df5121d chromedriver + 111133
8   chromedriver                        0x000000010df521c5 chromedriver + 115141
9   chromedriver                        0x000000010e36d03f chromedriver + 4419647
10  chromedriver                        0x000000010e379cda chromedriver + 4472026
11  chromedriver                        0x000000010e379a77 chromedriver + 4471415
12  chromedriver                        0x000000010e351189 chromedriver + 4305289
13  chromedriver                        0x000000010e37a587 chromedriver + 4474247
14  chromedriver                        0x000000010e362dc7 chromedriver + 4378055
15  chromedriver                        0x000000010e3907f4 chromedriver + 4564980
16  chromedriver                        0x000000010e3b0717 chromedriver + 4695831
17  libsystem_pthread.dylib             0x00007fff6891e661 _pthread_body + 340
18  libsystem_pthread.dylib             0x00007fff6891e50d _pthread_body + 0
19  libsystem_pthread.dylib             0x00007fff6891dbf9 thread_start + 13

at sun.reflect.NativeConstructorAccessorImpl.newInstance0(Native Method)
at sun.reflect.NativeConstructorAccessorImpl.newInstance(NativeConstructorAccessorImpl.java:62)
at sun.reflect.DelegatingConstructorAccessorImpl.newInstance(DelegatingConstructorAccessorImpl.java:45)
at java.lang.reflect.Constructor.newInstance(Constructor.java:423)
at org.openqa.selenium.remote.W3CHandshakeResponse.lambda$errorHandler$0(W3CHandshakeResponse.java:62)
at org.openqa.selenium.remote.HandshakeResponse.lambda$getResponseFunction$0(HandshakeResponse.java:30)
at org.openqa.selenium.remote.ProtocolHandshake.lambda$createSession$0(ProtocolHandshake.java:126)
at java.util.stream.ReferencePipeline$3$1.accept(ReferencePipeline.java:193)
at java.util.Spliterators$ArraySpliterator.tryAdvance(Spliterators.java:958)
at java.util.stream.ReferencePipeline.forEachWithCancel(ReferencePipeline.java:126)
at java.util.stream.AbstractPipeline.copyIntoWithCancel(AbstractPipeline.java:499)
at java.util.stream.AbstractPipeline.copyInto(AbstractPipeline.java:486)
at java.util.stream.AbstractPipeline.wrapAndCopyInto(AbstractPipeline.java:472)
at java.util.stream.FindOps$FindOp.evaluateSequential(FindOps.java:152)
at java.util.stream.AbstractPipeline.evaluate(AbstractPipeline.java:234)
at java.util.stream.ReferencePipeline.findFirst(ReferencePipeline.java:464)
at org.openqa.selenium.remote.ProtocolHandshake.createSession(ProtocolHandshake.java:128)
at org.openqa.selenium.remote.ProtocolHandshake.createSession(ProtocolHandshake.java:74)
at org.openqa.selenium.remote.HttpCommandExecutor.execute(HttpCommandExecutor.java:136)
at org.openqa.selenium.remote.service.DriverCommandExecutor.execute(DriverCommandExecutor.java:83)
at org.openqa.selenium.remote.RemoteWebDriver.execute(RemoteWebDriver.java:552)
at org.openqa.selenium.remote.RemoteWebDriver.startSession(RemoteWebDriver.java:213)
at org.openqa.selenium.remote.RemoteWebDriver.<init>(RemoteWebDriver.java:131)
at org.openqa.selenium.chrome.ChromeDriver.<init>(ChromeDriver.java:181)
at org.openqa.selenium.chrome.ChromeDriver.<init>(ChromeDriver.java:168)
at org.openqa.selenium.chrome.ChromeDriver.<init>(ChromeDriver.java:123)
at com.utils.BaseClass.setUp(BaseClass.java:25)
at sun.reflect.NativeMethodAccessorImpl.invoke0(Native Method)
at sun.reflect.NativeMethodAccessorImpl.invoke(NativeMethodAccessorImpl.java:62)
at sun.reflect.DelegatingMethodAccessorImpl.invoke(DelegatingMethodAccessorImpl.java:43)
at java.lang.reflect.Method.invoke(Method.java:498)
at org.testng.internal.MethodInvocationHelper.invokeMethod(MethodInvocationHelper.java:135)
at org.testng.internal.MethodInvocationHelper.invokeMethodConsideringTimeout(MethodInvocationHelper.java:64)
at org.testng.internal.ConfigInvoker.invokeConfigurationMethod(ConfigInvoker.java:364)
at org.testng.internal.ConfigInvoker.invokeConfigurations(ConfigInvoker.java:318)
at org.testng.internal.TestInvoker.runConfigMethods(TestInvoker.java:700)
at org.testng.internal.TestInvoker.invokeMethod(TestInvoker.java:527)
at org.testng.internal.TestInvoker.invokeTestMethod(TestInvoker.java:174)
at org.testng.internal.MethodRunner.runInSequence(MethodRunner.java:46)
at org.testng.internal.TestInvoker$MethodInvocationAgent.invoke(TestInvoker.java:821)
at org.testng.internal.TestInvoker.invokeTestMethods(TestInvoker.java:147)
at org.testng.internal.TestMethodWorker.invokeTestMethods(TestMethodWorker.java:146)
at org.testng.internal.TestMethodWorker.run(TestMethodWorker.java:128)
at java.util.ArrayList.forEach(ArrayList.java:1257)
at org.testng.TestRunner.privateRun(TestRunner.java:767)
at org.testng.TestRunner.run(TestRunner.java:588)
at org.testng.SuiteRunner.runTest(SuiteRunner.java:384)
at org.testng.SuiteRunner.runSequentially(SuiteRunner.java:378)
at org.testng.SuiteRunner.privateRun(SuiteRunner.java:337)
at org.testng.SuiteRunner.run(SuiteRunner.java:286)
at org.testng.SuiteRunnerWorker.runSuite(SuiteRunnerWorker.java:53)
at org.testng.SuiteRunnerWorker.run(SuiteRunnerWorker.java:96)
at org.testng.TestNG.runSuitesSequentially(TestNG.java:1214)
at org.testng.TestNG.runSuitesLocally(TestNG.java:1136)
at org.testng.TestNG.runSuites(TestNG.java:1066)
at org.testng.TestNG.run(TestNG.java:1034)
at org.testng.remote.AbstractRemoteTestNG.run(AbstractRemoteTestNG.java:115)
at org.testng.remote.RemoteTestNG.initAndRun(RemoteTestNG.java:251)
at org.testng.remote.RemoteTestNG.main(RemoteTestNG.java:77)
]]>
            </full-stacktrace>
          </exception> <!-- org.openqa.selenium.SessionNotCreatedException -->
          <reporter-output>
          </reporter-output>
        </test-method> <!-- invalidPasswordLogin -->
        <test-method status="SKIP" signature="tearDown()[pri:0, instance:com.test.LoginTest@48503868]" name="tearDown" is-config="true" duration-ms="-1590852955772" started-at="2020-05-30T11:35:55 EDT" finished-at="1969-12-31T19:00:00 EST">
          <reporter-output>
          </reporter-output>
        </test-method> <!-- tearDown -->
        <test-method status="SKIP" signature="setUp()[pri:0, instance:com.test.LoginTest@48503868]" name="setUp" is-config="true" duration-ms="-1590852955777" started-at="2020-05-30T11:35:55 EDT" finished-at="1969-12-31T19:00:00 EST">
          <reporter-output>
          </reporter-output>
        </test-method> <!-- setUp -->
        <test-method status="SKIP" signature="validAdminLogin()[pri:0, instance:com.test.LoginTest@48503868]" name="validAdminLogin" duration-ms="0" started-at="2020-05-30T11:35:55 EDT" finished-at="2020-05-30T11:35:55 EDT">
          <exception class="org.openqa.selenium.SessionNotCreatedException">
            <message>
              <![CDATA[session not created: This version of ChromeDriver only supports Chrome version 81
Build info: version: '3.141.59', revision: 'e82be7d358', time: '2018-11-14T08:25:48'
System info: host: 'Fadwas-MBP.fios-router.home', ip: 'fe80:0:0:0:49:77b8:ac5b:871a%en0', os.name: 'Mac OS X', os.arch: 'x86_64', os.version: '10.13.6', java.version: '1.8.0_241'
Driver info: driver.version: ChromeDriver
remote stacktrace: 0   chromedriver                        0x000000010e3aa789 chromedriver + 4671369
1   chromedriver                        0x000000010e3455d3 chromedriver + 4257235
2   chromedriver                        0x000000010dfef00f chromedriver + 757775
3   chromedriver                        0x000000010df4efc9 chromedriver + 102345
4   chromedriver                        0x000000010df4b1fc chromedriver + 86524
5   chromedriver                        0x000000010df7a403 chromedriver + 279555
6   chromedriver                        0x000000010df77213 chromedriver + 266771
7   chromedriver                        0x000000010df5121d chromedriver + 111133
8   chromedriver                        0x000000010df521c5 chromedriver + 115141
9   chromedriver                        0x000000010e36d03f chromedriver + 4419647
10  chromedriver                        0x000000010e379cda chromedriver + 4472026
11  chromedriver                        0x000000010e379a77 chromedriver + 4471415
12  chromedriver                        0x000000010e351189 chromedriver + 4305289
13  chromedriver                        0x000000010e37a587 chromedriver + 4474247
14  chromedriver                        0x000000010e362dc7 chromedriver + 4378055
15  chromedriver                        0x000000010e3907f4 chromedriver + 4564980
16  chromedriver                        0x000000010e3b0717 chromedriver + 4695831
17  libsystem_pthread.dylib             0x00007fff6891e661 _pthread_body + 340
18  libsystem_pthread.dylib             0x00007fff6891e50d _pthread_body + 0
19  libsystem_pthread.dylib             0x00007fff6891dbf9 thread_start + 13
]]>
            </message>
            <full-stacktrace>
              <![CDATA[org.openqa.selenium.SessionNotCreatedException: session not created: This version of ChromeDriver only supports Chrome version 81
Build info: version: '3.141.59', revision: 'e82be7d358', time: '2018-11-14T08:25:48'
System info: host: 'Fadwas-MBP.fios-router.home', ip: 'fe80:0:0:0:49:77b8:ac5b:871a%en0', os.name: 'Mac OS X', os.arch: 'x86_64', os.version: '10.13.6', java.version: '1.8.0_241'
Driver info: driver.version: ChromeDriver
remote stacktrace: 0   chromedriver                        0x000000010e3aa789 chromedriver + 4671369
1   chromedriver                        0x000000010e3455d3 chromedriver + 4257235
2   chromedriver                        0x000000010dfef00f chromedriver + 757775
3   chromedriver                        0x000000010df4efc9 chromedriver + 102345
4   chromedriver                        0x000000010df4b1fc chromedriver + 86524
5   chromedriver                        0x000000010df7a403 chromedriver + 279555
6   chromedriver                        0x000000010df77213 chromedriver + 266771
7   chromedriver                        0x000000010df5121d chromedriver + 111133
8   chromedriver                        0x000000010df521c5 chromedriver + 115141
9   chromedriver                        0x000000010e36d03f chromedriver + 4419647
10  chromedriver                        0x000000010e379cda chromedriver + 4472026
11  chromedriver                        0x000000010e379a77 chromedriver + 4471415
12  chromedriver                        0x000000010e351189 chromedriver + 4305289
13  chromedriver                        0x000000010e37a587 chromedriver + 4474247
14  chromedriver                        0x000000010e362dc7 chromedriver + 4378055
15  chromedriver                        0x000000010e3907f4 chromedriver + 4564980
16  chromedriver                        0x000000010e3b0717 chromedriver + 4695831
17  libsystem_pthread.dylib             0x00007fff6891e661 _pthread_body + 340
18  libsystem_pthread.dylib             0x00007fff6891e50d _pthread_body + 0
19  libsystem_pthread.dylib             0x00007fff6891dbf9 thread_start + 13

at sun.reflect.NativeConstructorAccessorImpl.newInstance0(Native Method)
at sun.reflect.NativeConstructorAccessorImpl.newInstance(NativeConstructorAccessorImpl.java:62)
at sun.reflect.DelegatingConstructorAccessorImpl.newInstance(DelegatingConstructorAccessorImpl.java:45)
at java.lang.reflect.Constructor.newInstance(Constructor.java:423)
at org.openqa.selenium.remote.W3CHandshakeResponse.lambda$errorHandler$0(W3CHandshakeResponse.java:62)
at org.openqa.selenium.remote.HandshakeResponse.lambda$getResponseFunction$0(HandshakeResponse.java:30)
at org.openqa.selenium.remote.ProtocolHandshake.lambda$createSession$0(ProtocolHandshake.java:126)
at java.util.stream.ReferencePipeline$3$1.accept(ReferencePipeline.java:193)
at java.util.Spliterators$ArraySpliterator.tryAdvance(Spliterators.java:958)
at java.util.stream.ReferencePipeline.forEachWithCancel(ReferencePipeline.java:126)
at java.util.stream.AbstractPipeline.copyIntoWithCancel(AbstractPipeline.java:499)
at java.util.stream.AbstractPipeline.copyInto(AbstractPipeline.java:486)
at java.util.stream.AbstractPipeline.wrapAndCopyInto(AbstractPipeline.java:472)
at java.util.stream.FindOps$FindOp.evaluateSequential(FindOps.java:152)
at java.util.stream.AbstractPipeline.evaluate(AbstractPipeline.java:234)
at java.util.stream.ReferencePipeline.findFirst(ReferencePipeline.java:464)
at org.openqa.selenium.remote.ProtocolHandshake.createSession(ProtocolHandshake.java:128)
at org.openqa.selenium.remote.ProtocolHandshake.createSession(ProtocolHandshake.java:74)
at org.openqa.selenium.remote.HttpCommandExecutor.execute(HttpCommandExecutor.java:136)
at org.openqa.selenium.remote.service.DriverCommandExecutor.execute(DriverCommandExecutor.java:83)
at org.openqa.selenium.remote.RemoteWebDriver.execute(RemoteWebDriver.java:552)
at org.openqa.selenium.remote.RemoteWebDriver.startSession(RemoteWebDriver.java:213)
at org.openqa.selenium.remote.RemoteWebDriver.<init>(RemoteWebDriver.java:131)
at org.openqa.selenium.chrome.ChromeDriver.<init>(ChromeDriver.java:181)
at org.openqa.selenium.chrome.ChromeDriver.<init>(ChromeDriver.java:168)
at org.openqa.selenium.chrome.ChromeDriver.<init>(ChromeDriver.java:123)
at com.utils.BaseClass.setUp(BaseClass.java:25)
at sun.reflect.NativeMethodAccessorImpl.invoke0(Native Method)
at sun.reflect.NativeMethodAccessorImpl.invoke(NativeMethodAccessorImpl.java:62)
at sun.reflect.DelegatingMethodAccessorImpl.invoke(DelegatingMethodAccessorImpl.java:43)
at java.lang.reflect.Method.invoke(Method.java:498)
at org.testng.internal.MethodInvocationHelper.invokeMethod(MethodInvocationHelper.java:135)
at org.testng.internal.MethodInvocationHelper.invokeMethodConsideringTimeout(MethodInvocationHelper.java:64)
at org.testng.internal.ConfigInvoker.invokeConfigurationMethod(ConfigInvoker.java:364)
at org.testng.internal.ConfigInvoker.invokeConfigurations(ConfigInvoker.java:318)
at org.testng.internal.TestInvoker.runConfigMethods(TestInvoker.java:700)
at org.testng.internal.TestInvoker.invokeMethod(TestInvoker.java:527)
at org.testng.internal.TestInvoker.invokeTestMethod(TestInvoker.java:174)
at org.testng.internal.MethodRunner.runInSequence(MethodRunner.java:46)
at org.testng.internal.TestInvoker$MethodInvocationAgent.invoke(TestInvoker.java:821)
at org.testng.internal.TestInvoker.invokeTestMethods(TestInvoker.java:147)
at org.testng.internal.TestMethodWorker.invokeTestMethods(TestMethodWorker.java:146)
at org.testng.internal.TestMethodWorker.run(TestMethodWorker.java:128)
at java.util.ArrayList.forEach(ArrayList.java:1257)
at org.testng.TestRunner.privateRun(TestRunner.java:767)
at org.testng.TestRunner.run(TestRunner.java:588)
at org.testng.SuiteRunner.runTest(SuiteRunner.java:384)
at org.testng.SuiteRunner.runSequentially(SuiteRunner.java:378)
at org.testng.SuiteRunner.privateRun(SuiteRunner.java:337)
at org.testng.SuiteRunner.run(SuiteRunner.java:286)
at org.testng.SuiteRunnerWorker.runSuite(SuiteRunnerWorker.java:53)
at org.testng.SuiteRunnerWorker.run(SuiteRunnerWorker.java:96)
at org.testng.TestNG.runSuitesSequentially(TestNG.java:1214)
at org.testng.TestNG.runSuitesLocally(TestNG.java:1136)
at org.testng.TestNG.runSuites(TestNG.java:1066)
at org.testng.TestNG.run(TestNG.java:1034)
at org.testng.remote.AbstractRemoteTestNG.run(AbstractRemoteTestNG.java:115)
at org.testng.remote.RemoteTestNG.initAndRun(RemoteTestNG.java:251)
at org.testng.remote.RemoteTestNG.main(RemoteTestNG.java:77)
]]>
            </full-stacktrace>
          </exception> <!-- org.openqa.selenium.SessionNotCreatedException -->
          <reporter-output>
          </reporter-output>
        </test-method> <!-- validAdminLogin -->
        <test-method status="SKIP" signature="tearDown()[pri:0, instance:com.test.LoginTest@48503868]" name="tearDown" is-config="true" duration-ms="-1590852955785" started-at="2020-05-30T11:35:55 EDT" finished-at="1969-12-31T19:00:00 EST">
          <reporter-output>
          </reporter-output>
        </test-method> <!-- tearDown -->
      </class> <!-- com.test.LoginTest -->
    </test> <!-- Test -->
  </suite> <!-- Regression Suite -->
</testng-results>
